<?xml version="1.0" encoding="UTF-8"?>
<!-- Generated by org.testng.reporters.JUnitXMLReporter -->
<testsuite ignored="0" hostname="CCU-SUDUTTA" failures="0" tests="12" name="Test" time="534.17" errors="0" timestamp="03 Sept 2024 07:12:49 GMT">
  <testcase classname="TestNG_Tests.GenericVerification" name="Test1_initialization" time="0.006"/>
  <testcase classname="TestNG_Tests.GenericVerification" name="Test2_login_to_registry" time="36.874"/>
  <testcase classname="TestNG_Tests.GenericVerification" name="Test3_masquerade_cm_user" time="57.222"/>
  <testcase classname="TestNG_Tests.GenericVerification" name="Test4_creating_a_task" time="68.065"/>
  <testcase classname="TestNG_Tests.GenericVerification" name="Test5_Verify_attachment" time="32.75"/>
  <testcase classname="TestNG_Tests.GenericVerification" name="Test6_task_details_appearance_on_program_history_page" time="6.582"/>
  <testcase classname="TestNG_Tests.GenericVerification" name="Test7_navigate_again_to_agenda_view" time="112.258"/>
  <testcase classname="TestNG_Tests.GenericVerification" name="Test8_check_taskID_populating_at_agenda_view" time="22.993"/>
  <testcase classname="TestNG_Tests.GenericVerification" name="Test9_check_taskID_populating_at_programs_page" time="18.618"/>
  <testcase classname="TestNG_Tests.GenericVerification" name="Test10_check_programID_populating_at_reports_page" time="45.909"/>
  <testcase classname="TestNG_Tests.GenericVerification" name="Test11_masquerade_switch_back" time="27.496"/>
  <testcase classname="TestNG_Tests.GenericVerification" name="Test12_delete_CM_task_id" time="86.753"/>
</testsuite> <!-- Test -->
