<?xml version="1.0" encoding="UTF-8"?>
<testsuite xmlns:xsi="http://www.w3.org/2001/XMLSchema-instance" xsi:noNamespaceSchemaLocation="https://maven.apache.org/surefire/maven-surefire-plugin/xsd/surefire-test-report-3.0.xsd" version="3.0" name="TestSuite" time="535.338" tests="12" errors="0" skipped="0" failures="0">
  <properties>
[...]
</properties>
  <testcase name="Test1_initialization" classname="TestNG_Tests.GenericVerification" time="0.005">
    <system-out><![CDATA[[TestNGContentHandler] [WARN] It is strongly recommended to add "<!DOCTYPE suite SYSTEM "http://testng.org/testng-1.0.dtd" >" at the top of your file, otherwise TestNG may fail or not work as expected.
C:\Users\sudutta\eclipse-workspace\CM_Automation\src\main\java\Config\configuration.properties
03-September-2024
filePath: C:\Users\sudutta\eclipse-workspace\CM_Automation\src\main\java\TestData
]]></system-out>
    <system-err><![CDATA[Starting ChromeDriver 127.0.6533.72 (9755e24ca85aa18ffa16c743f660a3d914902775-refs/branch-heads/6533@{#1760}) on port 59980
Only local connections are allowed.
Please see https://chromedriver.chromium.org/security-considerations for suggestions on keeping ChromeDriver safe.
ChromeDriver was started successfully.
[1725347036.074][WARNING]: This version of ChromeDriver has not been tested with Chrome version 128.
Sept 03, 2024 12:33:56 PM org.openqa.selenium.remote.ProtocolHandshake createSession
INFO: Detected dialect: W3C
]]></system-err>
  </testcase>
  <testcase name="Test2_login_to_registry" classname="TestNG_Tests.GenericVerification" time="36.876"/>
  <testcase name="Test3_masquerade_cm_user" classname="TestNG_Tests.GenericVerification" time="57.222"/>
  <testcase name="Test4_creating_a_task" classname="TestNG_Tests.GenericVerification" time="68.065">
    <system-err><![CDATA[org.openqa.selenium.NoSuchElementException: Cannot locate element with text: Basic Assessment
For documentation on this error, please visit: https://www.seleniumhq.org/exceptions/no_such_element.html
Build info: version: '3.141.59', revision: 'e82be7d358', time: '2018-11-14T08:17:03'
System info: host: 'CCU-SUDUTTA', ip: '10.22.3.201', os.name: 'Windows 11', os.arch: 'amd64', os.version: '10.0', java.version: '21.0.4'
Driver info: driver.version: unknown
	at org.openqa.selenium.support.ui.Select.selectByVisibleText(Select.java:147)
	at PageObjects.CaseManagement.createNewCMTask(CaseManagement.java:85)
	at TestNG_Tests.GenericVerification.Test4_creating_a_task(GenericVerification.java:252)
	at java.base/jdk.internal.reflect.DirectMethodHandleAccessor.invoke(DirectMethodHandleAccessor.java:103)
	at java.base/java.lang.reflect.Method.invoke(Method.java:580)
	at org.testng.internal.MethodInvocationHelper.invokeMethod(MethodInvocationHelper.java:124)
	at org.testng.internal.Invoker.invokeMethod(Invoker.java:583)
	at org.testng.internal.Invoker.invokeTestMethod(Invoker.java:719)
	at org.testng.internal.Invoker.invokeTestMethods(Invoker.java:989)
	at org.testng.internal.TestMethodWorker.invokeTestMethods(TestMethodWorker.java:125)
	at org.testng.internal.TestMethodWorker.run(TestMethodWorker.java:109)
	at org.testng.TestRunner.privateRun(TestRunner.java:648)
	at org.testng.TestRunner.run(TestRunner.java:505)
	at org.testng.SuiteRunner.runTest(SuiteRunner.java:455)
	at org.testng.SuiteRunner.runSequentially(SuiteRunner.java:450)
	at org.testng.SuiteRunner.privateRun(SuiteRunner.java:415)
	at org.testng.SuiteRunner.run(SuiteRunner.java:364)
	at org.testng.SuiteRunnerWorker.runSuite(SuiteRunnerWorker.java:52)
	at org.testng.SuiteRunnerWorker.run(SuiteRunnerWorker.java:84)
	at org.testng.TestNG.runSuitesSequentially(TestNG.java:1208)
	at org.testng.TestNG.runSuitesLocally(TestNG.java:1137)
	at org.testng.TestNG.runSuites(TestNG.java:1049)
	at org.testng.TestNG.run(TestNG.java:1017)
	at org.apache.maven.surefire.testng.TestNGExecutor.run(TestNGExecutor.java:308)
	at org.apache.maven.surefire.testng.TestNGXmlTestSuite.execute(TestNGXmlTestSuite.java:71)
	at org.apache.maven.surefire.testng.TestNGProvider.invoke(TestNGProvider.java:113)
	at org.apache.maven.surefire.booter.ForkedBooter.runSuitesInProcess(ForkedBooter.java:385)
	at org.apache.maven.surefire.booter.ForkedBooter.execute(ForkedBooter.java:162)
	at org.apache.maven.surefire.booter.ForkedBooter.run(ForkedBooter.java:507)
	at org.apache.maven.surefire.booter.ForkedBooter.main(ForkedBooter.java:495)
]]></system-err>
  </testcase>
  <testcase name="Test5_Verify_attachment" classname="TestNG_Tests.GenericVerification" time="32.752"/>
  <testcase name="Test6_task_details_appearance_on_program_history_page" classname="TestNG_Tests.GenericVerification" time="6.581"/>
  <testcase name="Test7_navigate_again_to_agenda_view" classname="TestNG_Tests.GenericVerification" time="112.259"/>
  <testcase name="Test8_check_taskID_populating_at_agenda_view" classname="TestNG_Tests.GenericVerification" time="22.993">
    <system-out><![CDATA[agendaViewTaskDetails: Task 13455058: Test task #10(Created by automation) (Progress Note)
13455058
TaskID matched successfully at agenda view
agendaViewTaskDetails: Task 13455060: Test task #10(Created by automation) (SNF Visit Note)
13455060
TaskID matched successfully at agenda view
]]></system-out>
  </testcase>
  <testcase name="Test9_check_taskID_populating_at_programs_page" classname="TestNG_Tests.GenericVerification" time="18.618">
    <system-out><![CDATA[Progress Note
taskIdFoundAtProgramsPage: 13455058
TaskID matched successfully at programs page
SNF Visit Note
taskIdFoundAtProgramsPage: 13455060
TaskID matched successfully at programs page
]]></system-out>
  </testcase>
  <testcase name="Test10_check_programID_populating_at_reports_page" classname="TestNG_Tests.GenericVerification" time="45.909">
    <system-out><![CDATA[Program details at reports page: #12400822: Care Transitions
Program ID successfully matched at reports page.
Program details at reports page: #12400822: Care Transitions
Program ID successfully matched at reports page.
]]></system-out>
  </testcase>
  <testcase name="Test11_masquerade_switch_back" classname="TestNG_Tests.GenericVerification" time="27.495"/>
  <testcase name="Test12_delete_CM_task_id" classname="TestNG_Tests.GenericVerification" time="86.753"/>
</testsuite>